{"C:\\Users\\renan\\OneDrive\\Documentos\\FACULDADE\\LingroomTC\\Back-End\\src\\app.ts": {"path":"C:\\Users\\renan\\OneDrive\\Documentos\\FACULDADE\\LingroomTC\\Back-End\\src\\app.ts","statementMap":{"0":{"start":{"line":1,"column":0},"end":{"line":1,"column":30}},"1":{"start":{"line":2,"column":0},"end":{"line":2,"column":45}},"2":{"start":{"line":3,"column":0},"end":{"line":3,"column":45}},"3":{"start":{"line":5,"column":12},"end":{"line":5,"column":21}},"4":{"start":{"line":12,"column":9},"end":{"line":12,"column":12}},"5":{"start":{"line":7,"column":0},"end":{"line":7,"column":24}},"6":{"start":{"line":9,"column":0},"end":{"line":9,"column":34}},"7":{"start":{"line":10,"column":0},"end":{"line":10,"column":28}}},"fnMap":{},"branchMap":{},"s":{"0":1,"1":1,"2":1,"3":1,"4":1,"5":1,"6":1,"7":1},"f":{},"b":{}}
,"C:\\Users\\renan\\OneDrive\\Documentos\\FACULDADE\\LingroomTC\\Back-End\\src\\config\\index.js": {"path":"C:\\Users\\renan\\OneDrive\\Documentos\\FACULDADE\\LingroomTC\\Back-End\\src\\config\\index.js","statementMap":{"0":{"start":{"line":2,"column":22},"end":{"line":4,"column":1}},"1":{"start":{"line":3,"column":4},"end":{"line":3,"column":62}},"2":{"start":{"line":5,"column":0},"end":{"line":5,"column":62}},"3":{"start":{"line":6,"column":0},"end":{"line":6,"column":63}},"4":{"start":{"line":7,"column":17},"end":{"line":7,"column":51}},"5":{"start":{"line":8,"column":0},"end":{"line":8,"column":26}},"6":{"start":{"line":9,"column":0},"end":{"line":9,"column":40}},"7":{"start":{"line":10,"column":0},"end":{"line":10,"column":42}},"8":{"start":{"line":11,"column":0},"end":{"line":11,"column":44}}},"fnMap":{"0":{"name":"(anonymous_0)","decl":{"start":{"line":2,"column":56},"end":{"line":2,"column":57}},"loc":{"start":{"line":2,"column":71},"end":{"line":4,"column":1}},"line":2}},"branchMap":{"0":{"loc":{"start":{"line":2,"column":22},"end":{"line":4,"column":1}},"type":"binary-expr","locations":[{"start":{"line":2,"column":23},"end":{"line":2,"column":27}},{"start":{"line":2,"column":31},"end":{"line":2,"column":51}},{"start":{"line":2,"column":56},"end":{"line":4,"column":1}}],"line":2},"1":{"loc":{"start":{"line":3,"column":11},"end":{"line":3,"column":61}},"type":"cond-expr","locations":[{"start":{"line":3,"column":37},"end":{"line":3,"column":40}},{"start":{"line":3,"column":43},"end":{"line":3,"column":61}}],"line":3},"2":{"loc":{"start":{"line":3,"column":12},"end":{"line":3,"column":33}},"type":"binary-expr","locations":[{"start":{"line":3,"column":12},"end":{"line":3,"column":15}},{"start":{"line":3,"column":19},"end":{"line":3,"column":33}}],"line":3},"3":{"loc":{"start":{"line":9,"column":15},"end":{"line":9,"column":39}},"type":"binary-expr","locations":[{"start":{"line":9,"column":15},"end":{"line":9,"column":31}},{"start":{"line":9,"column":35},"end":{"line":9,"column":39}}],"line":9}},"s":{"0":1,"1":1,"2":1,"3":1,"4":1,"5":1,"6":1,"7":1,"8":1},"f":{"0":1},"b":{"0":[1,1,1],"1":[0,1],"2":[1,1],"3":[1,0]},"inputSourceMap":null,"_coverageSchema":"1a1c01bbd47fc00a2c39e90264f33305004495a9","hash":"d00be50016e9cb6f05dee9d23ed3f63bf9a16326"}
,"C:\\Users\\renan\\OneDrive\\Documentos\\FACULDADE\\LingroomTC\\Back-End\\src\\controllers\\postController.js": {"path":"C:\\Users\\renan\\OneDrive\\Documentos\\FACULDADE\\LingroomTC\\Back-End\\src\\controllers\\postController.js","statementMap":{"0":{"start":{"line":2,"column":22},"end":{"line":12,"column":3}},"1":{"start":{"line":3,"column":4},"end":{"line":3,"column":33}},"2":{"start":{"line":3,"column":26},"end":{"line":3,"column":33}},"3":{"start":{"line":4,"column":15},"end":{"line":4,"column":52}},"4":{"start":{"line":5,"column":4},"end":{"line":7,"column":5}},"5":{"start":{"line":6,"column":6},"end":{"line":6,"column":68}},"6":{"start":{"line":6,"column":51},"end":{"line":6,"column":63}},"7":{"start":{"line":8,"column":4},"end":{"line":8,"column":39}},"8":{"start":{"line":10,"column":4},"end":{"line":10,"column":33}},"9":{"start":{"line":10,"column":26},"end":{"line":10,"column":33}},"10":{"start":{"line":11,"column":4},"end":{"line":11,"column":17}},"11":{"start":{"line":13,"column":25},"end":{"line":17,"column":2}},"12":{"start":{"line":14,"column":4},"end":{"line":14,"column":72}},"13":{"start":{"line":16,"column":4},"end":{"line":16,"column":21}},"14":{"start":{"line":18,"column":19},"end":{"line":34,"column":4}},"15":{"start":{"line":19,"column":18},"end":{"line":26,"column":5}},"16":{"start":{"line":20,"column":8},"end":{"line":24,"column":10}},"17":{"start":{"line":21,"column":21},"end":{"line":21,"column":23}},"18":{"start":{"line":22,"column":12},"end":{"line":22,"column":95}},"19":{"start":{"line":22,"column":29},"end":{"line":22,"column":95}},"20":{"start":{"line":22,"column":77},"end":{"line":22,"column":95}},"21":{"start":{"line":23,"column":12},"end":{"line":23,"column":22}},"22":{"start":{"line":25,"column":8},"end":{"line":25,"column":26}},"23":{"start":{"line":27,"column":4},"end":{"line":33,"column":6}},"24":{"start":{"line":28,"column":8},"end":{"line":28,"column":46}},"25":{"start":{"line":28,"column":35},"end":{"line":28,"column":46}},"26":{"start":{"line":29,"column":21},"end":{"line":29,"column":23}},"27":{"start":{"line":30,"column":8},"end":{"line":30,"column":137}},"28":{"start":{"line":30,"column":25},"end":{"line":30,"column":137}},"29":{"start":{"line":30,"column":38},"end":{"line":30,"column":50}},"30":{"start":{"line":30,"column":56},"end":{"line":30,"column":57}},"31":{"start":{"line":30,"column":78},"end":{"line":30,"column":137}},"32":{"start":{"line":30,"column":102},"end":{"line":30,"column":137}},"33":{"start":{"line":31,"column":8},"end":{"line":31,"column":40}},"34":{"start":{"line":32,"column":8},"end":{"line":32,"column":22}},"35":{"start":{"line":35,"column":16},"end":{"line":43,"column":1}},"36":{"start":{"line":36,"column":28},"end":{"line":36,"column":110}},"37":{"start":{"line":36,"column":91},"end":{"line":36,"column":106}},"38":{"start":{"line":37,"column":4},"end":{"line":42,"column":7}},"39":{"start":{"line":38,"column":36},"end":{"line":38,"column":97}},"40":{"start":{"line":38,"column":42},"end":{"line":38,"column":70}},"41":{"start":{"line":38,"column":85},"end":{"line":38,"column":95}},"42":{"start":{"line":39,"column":35},"end":{"line":39,"column":100}},"43":{"start":{"line":39,"column":41},"end":{"line":39,"column":73}},"44":{"start":{"line":39,"column":88},"end":{"line":39,"column":98}},"45":{"start":{"line":40,"column":32},"end":{"line":40,"column":116}},"46":{"start":{"line":41,"column":8},"end":{"line":41,"column":78}},"47":{"start":{"line":44,"column":0},"end":{"line":44,"column":62}},"48":{"start":{"line":45,"column":0},"end":{"line":45,"column":34}},"49":{"start":{"line":46,"column":0},"end":{"line":46,"column":38}},"50":{"start":{"line":47,"column":0},"end":{"line":47,"column":34}},"51":{"start":{"line":48,"column":0},"end":{"line":48,"column":34}},"52":{"start":{"line":49,"column":0},"end":{"line":49,"column":32}},"53":{"start":{"line":50,"column":0},"end":{"line":50,"column":32}},"54":{"start":{"line":51,"column":0},"end":{"line":51,"column":32}},"55":{"start":{"line":52,"column":20},"end":{"line":52,"column":69}},"56":{"start":{"line":55,"column":4},"end":{"line":69,"column":7}},"57":{"start":{"line":56,"column":22},"end":{"line":56,"column":33}},"58":{"start":{"line":57,"column":8},"end":{"line":61,"column":9}},"59":{"start":{"line":58,"column":12},"end":{"line":60,"column":71}},"60":{"start":{"line":62,"column":8},"end":{"line":68,"column":9}},"61":{"start":{"line":63,"column":25},"end":{"line":63,"column":67}},"62":{"start":{"line":64,"column":12},"end":{"line":64,"column":27}},"63":{"start":{"line":67,"column":12},"end":{"line":67,"column":70}},"64":{"start":{"line":73,"column":4},"end":{"line":81,"column":7}},"65":{"start":{"line":74,"column":8},"end":{"line":80,"column":9}},"66":{"start":{"line":75,"column":26},"end":{"line":75,"column":65}},"67":{"start":{"line":76,"column":12},"end":{"line":76,"column":28}},"68":{"start":{"line":79,"column":12},"end":{"line":79,"column":81}},"69":{"start":{"line":84,"column":4},"end":{"line":92,"column":7}},"70":{"start":{"line":85,"column":8},"end":{"line":91,"column":9}},"71":{"start":{"line":86,"column":26},"end":{"line":86,"column":64}},"72":{"start":{"line":87,"column":12},"end":{"line":87,"column":28}},"73":{"start":{"line":90,"column":12},"end":{"line":90,"column":70}},"74":{"start":{"line":95,"column":4},"end":{"line":106,"column":7}},"75":{"start":{"line":96,"column":23},"end":{"line":96,"column":33}},"76":{"start":{"line":97,"column":8},"end":{"line":105,"column":9}},"77":{"start":{"line":98,"column":25},"end":{"line":98,"column":65}},"78":{"start":{"line":99,"column":12},"end":{"line":100,"column":80}},"79":{"start":{"line":100,"column":16},"end":{"line":100,"column":80}},"80":{"start":{"line":101,"column":12},"end":{"line":101,"column":27}},"81":{"start":{"line":104,"column":12},"end":{"line":104,"column":70}},"82":{"start":{"line":109,"column":4},"end":{"line":122,"column":7}},"83":{"start":{"line":110,"column":8},"end":{"line":121,"column":9}},"84":{"start":{"line":111,"column":47},"end":{"line":111,"column":55}},"85":{"start":{"line":112,"column":28},"end":{"line":116,"column":14}},"86":{"start":{"line":117,"column":12},"end":{"line":117,"column":42}},"87":{"start":{"line":120,"column":12},"end":{"line":120,"column":68}},"88":{"start":{"line":125,"column":4},"end":{"line":136,"column":7}},"89":{"start":{"line":126,"column":23},"end":{"line":126,"column":33}},"90":{"start":{"line":127,"column":8},"end":{"line":135,"column":9}},"91":{"start":{"line":128,"column":28},"end":{"line":128,"column":77}},"92":{"start":{"line":129,"column":12},"end":{"line":130,"column":80}},"93":{"start":{"line":130,"column":16},"end":{"line":130,"column":80}},"94":{"start":{"line":131,"column":12},"end":{"line":131,"column":30}},"95":{"start":{"line":134,"column":12},"end":{"line":134,"column":72}},"96":{"start":{"line":139,"column":4},"end":{"line":148,"column":7}},"97":{"start":{"line":140,"column":23},"end":{"line":140,"column":33}},"98":{"start":{"line":141,"column":8},"end":{"line":147,"column":9}},"99":{"start":{"line":142,"column":12},"end":{"line":142,"column":52}},"100":{"start":{"line":143,"column":12},"end":{"line":143,"column":35}},"101":{"start":{"line":146,"column":12},"end":{"line":146,"column":70}}},"fnMap":{"0":{"name":"(anonymous_0)","decl":{"start":{"line":2,"column":74},"end":{"line":2,"column":75}},"loc":{"start":{"line":2,"column":96},"end":{"line":9,"column":1}},"line":2},"1":{"name":"(anonymous_1)","decl":{"start":{"line":6,"column":38},"end":{"line":6,"column":39}},"loc":{"start":{"line":6,"column":49},"end":{"line":6,"column":65}},"line":6},"2":{"name":"(anonymous_2)","decl":{"start":{"line":9,"column":6},"end":{"line":9,"column":7}},"loc":{"start":{"line":9,"column":28},"end":{"line":12,"column":1}},"line":9},"3":{"name":"(anonymous_3)","decl":{"start":{"line":13,"column":80},"end":{"line":13,"column":81}},"loc":{"start":{"line":13,"column":95},"end":{"line":15,"column":1}},"line":13},"4":{"name":"(anonymous_4)","decl":{"start":{"line":15,"column":5},"end":{"line":15,"column":6}},"loc":{"start":{"line":15,"column":20},"end":{"line":17,"column":1}},"line":15},"5":{"name":"(anonymous_5)","decl":{"start":{"line":18,"column":51},"end":{"line":18,"column":52}},"loc":{"start":{"line":18,"column":63},"end":{"line":34,"column":1}},"line":18},"6":{"name":"(anonymous_6)","decl":{"start":{"line":19,"column":18},"end":{"line":19,"column":19}},"loc":{"start":{"line":19,"column":30},"end":{"line":26,"column":5}},"line":19},"7":{"name":"(anonymous_7)","decl":{"start":{"line":20,"column":48},"end":{"line":20,"column":49}},"loc":{"start":{"line":20,"column":61},"end":{"line":24,"column":9}},"line":20},"8":{"name":"(anonymous_8)","decl":{"start":{"line":27,"column":11},"end":{"line":27,"column":12}},"loc":{"start":{"line":27,"column":26},"end":{"line":33,"column":5}},"line":27},"9":{"name":"(anonymous_9)","decl":{"start":{"line":35,"column":44},"end":{"line":35,"column":45}},"loc":{"start":{"line":35,"column":89},"end":{"line":43,"column":1}},"line":35},"10":{"name":"adopt","decl":{"start":{"line":36,"column":13},"end":{"line":36,"column":18}},"loc":{"start":{"line":36,"column":26},"end":{"line":36,"column":112}},"line":36},"11":{"name":"(anonymous_11)","decl":{"start":{"line":36,"column":70},"end":{"line":36,"column":71}},"loc":{"start":{"line":36,"column":89},"end":{"line":36,"column":108}},"line":36},"12":{"name":"(anonymous_12)","decl":{"start":{"line":37,"column":36},"end":{"line":37,"column":37}},"loc":{"start":{"line":37,"column":63},"end":{"line":42,"column":5}},"line":37},"13":{"name":"fulfilled","decl":{"start":{"line":38,"column":17},"end":{"line":38,"column":26}},"loc":{"start":{"line":38,"column":34},"end":{"line":38,"column":99}},"line":38},"14":{"name":"rejected","decl":{"start":{"line":39,"column":17},"end":{"line":39,"column":25}},"loc":{"start":{"line":39,"column":33},"end":{"line":39,"column":102}},"line":39},"15":{"name":"step","decl":{"start":{"line":40,"column":17},"end":{"line":40,"column":21}},"loc":{"start":{"line":40,"column":30},"end":{"line":40,"column":118}},"line":40},"16":{"name":"searchPosts","decl":{"start":{"line":54,"column":9},"end":{"line":54,"column":20}},"loc":{"start":{"line":54,"column":31},"end":{"line":70,"column":1}},"line":54},"17":{"name":"(anonymous_17)","decl":{"start":{"line":55,"column":43},"end":{"line":55,"column":44}},"loc":{"start":{"line":55,"column":56},"end":{"line":69,"column":5}},"line":55},"18":{"name":"getAdminPosts","decl":{"start":{"line":72,"column":9},"end":{"line":72,"column":22}},"loc":{"start":{"line":72,"column":33},"end":{"line":82,"column":1}},"line":72},"19":{"name":"(anonymous_19)","decl":{"start":{"line":73,"column":43},"end":{"line":73,"column":44}},"loc":{"start":{"line":73,"column":56},"end":{"line":81,"column":5}},"line":73},"20":{"name":"getAllPosts","decl":{"start":{"line":83,"column":9},"end":{"line":83,"column":20}},"loc":{"start":{"line":83,"column":31},"end":{"line":93,"column":1}},"line":83},"21":{"name":"(anonymous_21)","decl":{"start":{"line":84,"column":43},"end":{"line":84,"column":44}},"loc":{"start":{"line":84,"column":56},"end":{"line":92,"column":5}},"line":84},"22":{"name":"getPostById","decl":{"start":{"line":94,"column":9},"end":{"line":94,"column":20}},"loc":{"start":{"line":94,"column":31},"end":{"line":107,"column":1}},"line":94},"23":{"name":"(anonymous_23)","decl":{"start":{"line":95,"column":43},"end":{"line":95,"column":44}},"loc":{"start":{"line":95,"column":56},"end":{"line":106,"column":5}},"line":95},"24":{"name":"createPost","decl":{"start":{"line":108,"column":9},"end":{"line":108,"column":19}},"loc":{"start":{"line":108,"column":30},"end":{"line":123,"column":1}},"line":108},"25":{"name":"(anonymous_25)","decl":{"start":{"line":109,"column":43},"end":{"line":109,"column":44}},"loc":{"start":{"line":109,"column":56},"end":{"line":122,"column":5}},"line":109},"26":{"name":"updatePost","decl":{"start":{"line":124,"column":9},"end":{"line":124,"column":19}},"loc":{"start":{"line":124,"column":30},"end":{"line":137,"column":1}},"line":124},"27":{"name":"(anonymous_27)","decl":{"start":{"line":125,"column":43},"end":{"line":125,"column":44}},"loc":{"start":{"line":125,"column":56},"end":{"line":136,"column":5}},"line":125},"28":{"name":"deletePost","decl":{"start":{"line":138,"column":9},"end":{"line":138,"column":19}},"loc":{"start":{"line":138,"column":30},"end":{"line":149,"column":1}},"line":138},"29":{"name":"(anonymous_29)","decl":{"start":{"line":139,"column":43},"end":{"line":139,"column":44}},"loc":{"start":{"line":139,"column":56},"end":{"line":148,"column":5}},"line":139}},"branchMap":{"0":{"loc":{"start":{"line":2,"column":22},"end":{"line":12,"column":3}},"type":"binary-expr","locations":[{"start":{"line":2,"column":23},"end":{"line":2,"column":27}},{"start":{"line":2,"column":31},"end":{"line":2,"column":51}},{"start":{"line":2,"column":57},"end":{"line":12,"column":2}}],"line":2},"1":{"loc":{"start":{"line":2,"column":57},"end":{"line":12,"column":2}},"type":"cond-expr","locations":[{"start":{"line":2,"column":74},"end":{"line":9,"column":1}},{"start":{"line":9,"column":6},"end":{"line":12,"column":1}}],"line":2},"2":{"loc":{"start":{"line":3,"column":4},"end":{"line":3,"column":33}},"type":"if","locations":[{"start":{"line":3,"column":4},"end":{"line":3,"column":33}},{"start":{},"end":{}}],"line":3},"3":{"loc":{"start":{"line":5,"column":4},"end":{"line":7,"column":5}},"type":"if","locations":[{"start":{"line":5,"column":4},"end":{"line":7,"column":5}},{"start":{},"end":{}}],"line":5},"4":{"loc":{"start":{"line":5,"column":8},"end":{"line":5,"column":85}},"type":"binary-expr","locations":[{"start":{"line":5,"column":8},"end":{"line":5,"column":13}},{"start":{"line":5,"column":18},"end":{"line":5,"column":84}}],"line":5},"5":{"loc":{"start":{"line":5,"column":18},"end":{"line":5,"column":84}},"type":"cond-expr","locations":[{"start":{"line":5,"column":34},"end":{"line":5,"column":47}},{"start":{"line":5,"column":50},"end":{"line":5,"column":84}}],"line":5},"6":{"loc":{"start":{"line":5,"column":50},"end":{"line":5,"column":84}},"type":"binary-expr","locations":[{"start":{"line":5,"column":50},"end":{"line":5,"column":63}},{"start":{"line":5,"column":67},"end":{"line":5,"column":84}}],"line":5},"7":{"loc":{"start":{"line":10,"column":4},"end":{"line":10,"column":33}},"type":"if","locations":[{"start":{"line":10,"column":4},"end":{"line":10,"column":33}},{"start":{},"end":{}}],"line":10},"8":{"loc":{"start":{"line":13,"column":25},"end":{"line":17,"column":2}},"type":"binary-expr","locations":[{"start":{"line":13,"column":26},"end":{"line":13,"column":30}},{"start":{"line":13,"column":34},"end":{"line":13,"column":57}},{"start":{"line":13,"column":63},"end":{"line":17,"column":1}}],"line":13},"9":{"loc":{"start":{"line":13,"column":63},"end":{"line":17,"column":1}},"type":"cond-expr","locations":[{"start":{"line":13,"column":80},"end":{"line":15,"column":1}},{"start":{"line":15,"column":5},"end":{"line":17,"column":1}}],"line":13},"10":{"loc":{"start":{"line":18,"column":19},"end":{"line":34,"column":4}},"type":"binary-expr","locations":[{"start":{"line":18,"column":20},"end":{"line":18,"column":24}},{"start":{"line":18,"column":28},"end":{"line":18,"column":45}},{"start":{"line":18,"column":50},"end":{"line":34,"column":4}}],"line":18},"11":{"loc":{"start":{"line":20,"column":18},"end":{"line":24,"column":9}},"type":"binary-expr","locations":[{"start":{"line":20,"column":18},"end":{"line":20,"column":44}},{"start":{"line":20,"column":48},"end":{"line":24,"column":9}}],"line":20},"12":{"loc":{"start":{"line":22,"column":29},"end":{"line":22,"column":95}},"type":"if","locations":[{"start":{"line":22,"column":29},"end":{"line":22,"column":95}},{"start":{},"end":{}}],"line":22},"13":{"loc":{"start":{"line":28,"column":8},"end":{"line":28,"column":46}},"type":"if","locations":[{"start":{"line":28,"column":8},"end":{"line":28,"column":46}},{"start":{},"end":{}}],"line":28},"14":{"loc":{"start":{"line":28,"column":12},"end":{"line":28,"column":33}},"type":"binary-expr","locations":[{"start":{"line":28,"column":12},"end":{"line":28,"column":15}},{"start":{"line":28,"column":19},"end":{"line":28,"column":33}}],"line":28},"15":{"loc":{"start":{"line":30,"column":8},"end":{"line":30,"column":137}},"type":"if","locations":[{"start":{"line":30,"column":8},"end":{"line":30,"column":137}},{"start":{},"end":{}}],"line":30},"16":{"loc":{"start":{"line":30,"column":78},"end":{"line":30,"column":137}},"type":"if","locations":[{"start":{"line":30,"column":78},"end":{"line":30,"column":137}},{"start":{},"end":{}}],"line":30},"17":{"loc":{"start":{"line":35,"column":16},"end":{"line":43,"column":1}},"type":"binary-expr","locations":[{"start":{"line":35,"column":17},"end":{"line":35,"column":21}},{"start":{"line":35,"column":25},"end":{"line":35,"column":39}},{"start":{"line":35,"column":44},"end":{"line":43,"column":1}}],"line":35},"18":{"loc":{"start":{"line":36,"column":35},"end":{"line":36,"column":109}},"type":"cond-expr","locations":[{"start":{"line":36,"column":56},"end":{"line":36,"column":61}},{"start":{"line":36,"column":64},"end":{"line":36,"column":109}}],"line":36},"19":{"loc":{"start":{"line":37,"column":16},"end":{"line":37,"column":34}},"type":"binary-expr","locations":[{"start":{"line":37,"column":16},"end":{"line":37,"column":17}},{"start":{"line":37,"column":22},"end":{"line":37,"column":33}}],"line":37},"20":{"loc":{"start":{"line":40,"column":32},"end":{"line":40,"column":115}},"type":"cond-expr","locations":[{"start":{"line":40,"column":46},"end":{"line":40,"column":67}},{"start":{"line":40,"column":70},"end":{"line":40,"column":115}}],"line":40},"21":{"loc":{"start":{"line":41,"column":51},"end":{"line":41,"column":67}},"type":"binary-expr","locations":[{"start":{"line":41,"column":51},"end":{"line":41,"column":61}},{"start":{"line":41,"column":65},"end":{"line":41,"column":67}}],"line":41},"22":{"loc":{"start":{"line":57,"column":8},"end":{"line":61,"column":9}},"type":"if","locations":[{"start":{"line":57,"column":8},"end":{"line":61,"column":9}},{"start":{},"end":{}}],"line":57},"23":{"loc":{"start":{"line":57,"column":12},"end":{"line":57,"column":47}},"type":"binary-expr","locations":[{"start":{"line":57,"column":12},"end":{"line":57,"column":18}},{"start":{"line":57,"column":22},"end":{"line":57,"column":47}}],"line":57},"24":{"loc":{"start":{"line":99,"column":12},"end":{"line":100,"column":80}},"type":"if","locations":[{"start":{"line":99,"column":12},"end":{"line":100,"column":80}},{"start":{},"end":{}}],"line":99},"25":{"loc":{"start":{"line":129,"column":12},"end":{"line":130,"column":80}},"type":"if","locations":[{"start":{"line":129,"column":12},"end":{"line":130,"column":80}},{"start":{},"end":{}}],"line":129}},"s":{"0":1,"1":0,"2":0,"3":0,"4":0,"5":0,"6":0,"7":0,"8":0,"9":0,"10":0,"11":1,"12":0,"13":0,"14":1,"15":1,"16":0,"17":0,"18":0,"19":0,"20":0,"21":0,"22":0,"23":1,"24":1,"25":1,"26":0,"27":0,"28":0,"29":0,"30":0,"31":0,"32":0,"33":0,"34":0,"35":1,"36":3,"37":0,"38":3,"39":3,"40":3,"41":0,"42":0,"43":0,"44":0,"45":6,"46":3,"47":1,"48":1,"49":1,"50":1,"51":1,"52":1,"53":1,"54":1,"55":1,"56":0,"57":0,"58":0,"59":0,"60":0,"61":0,"62":0,"63":0,"64":0,"65":0,"66":0,"67":0,"68":0,"69":1,"70":1,"71":1,"72":1,"73":0,"74":0,"75":0,"76":0,"77":0,"78":0,"79":0,"80":0,"81":0,"82":2,"83":2,"84":2,"85":2,"86":2,"87":0,"88":0,"89":0,"90":0,"91":0,"92":0,"93":0,"94":0,"95":0,"96":0,"97":0,"98":0,"99":0,"100":0,"101":0},"f":{"0":0,"1":0,"2":0,"3":0,"4":0,"5":1,"6":0,"7":0,"8":1,"9":3,"10":3,"11":0,"12":3,"13":3,"14":0,"15":6,"16":0,"17":0,"18":0,"19":0,"20":1,"21":1,"22":0,"23":0,"24":2,"25":2,"26":0,"27":0,"28":0,"29":0},"b":{"0":[1,1,1],"1":[1,0],"2":[0,0],"3":[0,0],"4":[0,0],"5":[0,0],"6":[0,0],"7":[0,0],"8":[1,1,1],"9":[1,0],"10":[1,1,1],"11":[0,0],"12":[0,0],"13":[1,0],"14":[1,1],"15":[0,0],"16":[0,0],"17":[1,1,1],"18":[3,0],"19":[3,3],"20":[3,3],"21":[3,3],"22":[0,0],"23":[0,0],"24":[0,0],"25":[0,0]},"inputSourceMap":null,"_coverageSchema":"1a1c01bbd47fc00a2c39e90264f33305004495a9","hash":"5f0f982e413ad864655e8e07a4d04006d05e40c5"}
,"C:\\Users\\renan\\OneDrive\\Documentos\\FACULDADE\\LingroomTC\\Back-End\\src\\controllers\\userController.ts": {"path":"C:\\Users\\renan\\OneDrive\\Documentos\\FACULDADE\\LingroomTC\\Back-End\\src\\controllers\\userController.ts","statementMap":{"0":{"start":{"line":5,"column":0},"end":{"line":5,"column":22}},"1":{"start":{"line":36,"column":0},"end":{"line":36,"column":22}},"2":{"start":{"line":2,"column":0},"end":{"line":2,"column":56}},"3":{"start":{"line":6,"column":2},"end":{"line":32,"column":3}},"4":{"start":{"line":7,"column":44},"end":{"line":7,"column":52}},"5":{"start":{"line":8,"column":17},"end":{"line":13,"column":6}},"6":{"start":{"line":18,"column":25},"end":{"line":18,"column":40}},"7":{"start":{"line":19,"column":4},"end":{"line":19,"column":33}},"8":{"start":{"line":21,"column":4},"end":{"line":23,"column":76}},"9":{"start":{"line":26,"column":4},"end":{"line":28,"column":5}},"10":{"start":{"line":27,"column":6},"end":{"line":27,"column":77}},"11":{"start":{"line":29,"column":4},"end":{"line":31,"column":76}},"12":{"start":{"line":37,"column":2},"end":{"line":57,"column":3}},"13":{"start":{"line":38,"column":32},"end":{"line":38,"column":40}},"14":{"start":{"line":39,"column":19},"end":{"line":39,"column":70}},"15":{"start":{"line":41,"column":4},"end":{"line":43,"column":5}},"16":{"start":{"line":42,"column":6},"end":{"line":42,"column":76}},"17":{"start":{"line":45,"column":28},"end":{"line":45,"column":34}},"18":{"start":{"line":47,"column":25},"end":{"line":47,"column":40}},"19":{"start":{"line":48,"column":4},"end":{"line":48,"column":33}},"20":{"start":{"line":50,"column":4},"end":{"line":52,"column":75}},"21":{"start":{"line":54,"column":4},"end":{"line":56,"column":70}}},"fnMap":{"0":{"name":"register","decl":{"start":{"line":5,"column":22},"end":{"line":5,"column":30}},"loc":{"start":{"line":5,"column":58},"end":{"line":33,"column":null}}},"1":{"name":"login","decl":{"start":{"line":36,"column":22},"end":{"line":36,"column":27}},"loc":{"start":{"line":36,"column":55},"end":{"line":58,"column":null}}}},"branchMap":{"0":{"loc":{"start":{"line":26,"column":4},"end":{"line":28,"column":5}},"type":"if","locations":[{"start":{"line":26,"column":4},"end":{"line":28,"column":5}},{"start":{},"end":{}}]},"1":{"loc":{"start":{"line":41,"column":4},"end":{"line":43,"column":5}},"type":"if","locations":[{"start":{"line":41,"column":4},"end":{"line":43,"column":5}},{"start":{},"end":{}}]}},"s":{"0":1,"1":1,"2":1,"3":2,"4":2,"5":2,"6":2,"7":2,"8":2,"9":0,"10":0,"11":0,"12":2,"13":2,"14":2,"15":2,"16":0,"17":2,"18":2,"19":2,"20":2,"21":0},"f":{"0":2,"1":2},"b":{"0":[0,0],"1":[0,2]}}
,"C:\\Users\\renan\\OneDrive\\Documentos\\FACULDADE\\LingroomTC\\Back-End\\src\\middlewares\\auth.js": {"path":"C:\\Users\\renan\\OneDrive\\Documentos\\FACULDADE\\LingroomTC\\Back-End\\src\\middlewares\\auth.js","statementMap":{"0":{"start":{"line":2,"column":16},"end":{"line":10,"column":1}},"1":{"start":{"line":3,"column":28},"end":{"line":3,"column":110}},"2":{"start":{"line":3,"column":91},"end":{"line":3,"column":106}},"3":{"start":{"line":4,"column":4},"end":{"line":9,"column":7}},"4":{"start":{"line":5,"column":36},"end":{"line":5,"column":97}},"5":{"start":{"line":5,"column":42},"end":{"line":5,"column":70}},"6":{"start":{"line":5,"column":85},"end":{"line":5,"column":95}},"7":{"start":{"line":6,"column":35},"end":{"line":6,"column":100}},"8":{"start":{"line":6,"column":41},"end":{"line":6,"column":73}},"9":{"start":{"line":6,"column":88},"end":{"line":6,"column":98}},"10":{"start":{"line":7,"column":32},"end":{"line":7,"column":116}},"11":{"start":{"line":8,"column":8},"end":{"line":8,"column":78}},"12":{"start":{"line":11,"column":22},"end":{"line":13,"column":1}},"13":{"start":{"line":12,"column":4},"end":{"line":12,"column":62}},"14":{"start":{"line":14,"column":0},"end":{"line":14,"column":62}},"15":{"start":{"line":15,"column":0},"end":{"line":15,"column":30}},"16":{"start":{"line":16,"column":23},"end":{"line":16,"column":63}},"17":{"start":{"line":17,"column":17},"end":{"line":17,"column":37}},"18":{"start":{"line":18,"column":21},"end":{"line":34,"column":2}},"19":{"start":{"line":18,"column":41},"end":{"line":34,"column":2}},"20":{"start":{"line":20,"column":18},"end":{"line":20,"column":115}},"21":{"start":{"line":21,"column":4},"end":{"line":24,"column":5}},"22":{"start":{"line":22,"column":8},"end":{"line":22,"column":59}},"23":{"start":{"line":23,"column":8},"end":{"line":23,"column":15}},"24":{"start":{"line":25,"column":4},"end":{"line":33,"column":5}},"25":{"start":{"line":26,"column":24},"end":{"line":26,"column":81}},"26":{"start":{"line":27,"column":8},"end":{"line":27,"column":27}},"27":{"start":{"line":28,"column":8},"end":{"line":28,"column":22}},"28":{"start":{"line":31,"column":8},"end":{"line":31,"column":59}},"29":{"start":{"line":32,"column":8},"end":{"line":32,"column":15}},"30":{"start":{"line":35,"column":0},"end":{"line":35,"column":36}}},"fnMap":{"0":{"name":"(anonymous_0)","decl":{"start":{"line":2,"column":44},"end":{"line":2,"column":45}},"loc":{"start":{"line":2,"column":89},"end":{"line":10,"column":1}},"line":2},"1":{"name":"adopt","decl":{"start":{"line":3,"column":13},"end":{"line":3,"column":18}},"loc":{"start":{"line":3,"column":26},"end":{"line":3,"column":112}},"line":3},"2":{"name":"(anonymous_2)","decl":{"start":{"line":3,"column":70},"end":{"line":3,"column":71}},"loc":{"start":{"line":3,"column":89},"end":{"line":3,"column":108}},"line":3},"3":{"name":"(anonymous_3)","decl":{"start":{"line":4,"column":36},"end":{"line":4,"column":37}},"loc":{"start":{"line":4,"column":63},"end":{"line":9,"column":5}},"line":4},"4":{"name":"fulfilled","decl":{"start":{"line":5,"column":17},"end":{"line":5,"column":26}},"loc":{"start":{"line":5,"column":34},"end":{"line":5,"column":99}},"line":5},"5":{"name":"rejected","decl":{"start":{"line":6,"column":17},"end":{"line":6,"column":25}},"loc":{"start":{"line":6,"column":33},"end":{"line":6,"column":102}},"line":6},"6":{"name":"step","decl":{"start":{"line":7,"column":17},"end":{"line":7,"column":21}},"loc":{"start":{"line":7,"column":30},"end":{"line":7,"column":118}},"line":7},"7":{"name":"(anonymous_7)","decl":{"start":{"line":11,"column":56},"end":{"line":11,"column":57}},"loc":{"start":{"line":11,"column":71},"end":{"line":13,"column":1}},"line":11},"8":{"name":"(anonymous_8)","decl":{"start":{"line":18,"column":21},"end":{"line":18,"column":22}},"loc":{"start":{"line":18,"column":41},"end":{"line":34,"column":2}},"line":18},"9":{"name":"(anonymous_9)","decl":{"start":{"line":18,"column":75},"end":{"line":18,"column":76}},"loc":{"start":{"line":18,"column":88},"end":{"line":34,"column":1}},"line":18}},"branchMap":{"0":{"loc":{"start":{"line":2,"column":16},"end":{"line":10,"column":1}},"type":"binary-expr","locations":[{"start":{"line":2,"column":17},"end":{"line":2,"column":21}},{"start":{"line":2,"column":25},"end":{"line":2,"column":39}},{"start":{"line":2,"column":44},"end":{"line":10,"column":1}}],"line":2},"1":{"loc":{"start":{"line":3,"column":35},"end":{"line":3,"column":109}},"type":"cond-expr","locations":[{"start":{"line":3,"column":56},"end":{"line":3,"column":61}},{"start":{"line":3,"column":64},"end":{"line":3,"column":109}}],"line":3},"2":{"loc":{"start":{"line":4,"column":16},"end":{"line":4,"column":34}},"type":"binary-expr","locations":[{"start":{"line":4,"column":16},"end":{"line":4,"column":17}},{"start":{"line":4,"column":22},"end":{"line":4,"column":33}}],"line":4},"3":{"loc":{"start":{"line":7,"column":32},"end":{"line":7,"column":115}},"type":"cond-expr","locations":[{"start":{"line":7,"column":46},"end":{"line":7,"column":67}},{"start":{"line":7,"column":70},"end":{"line":7,"column":115}}],"line":7},"4":{"loc":{"start":{"line":8,"column":51},"end":{"line":8,"column":67}},"type":"binary-expr","locations":[{"start":{"line":8,"column":51},"end":{"line":8,"column":61}},{"start":{"line":8,"column":65},"end":{"line":8,"column":67}}],"line":8},"5":{"loc":{"start":{"line":11,"column":22},"end":{"line":13,"column":1}},"type":"binary-expr","locations":[{"start":{"line":11,"column":23},"end":{"line":11,"column":27}},{"start":{"line":11,"column":31},"end":{"line":11,"column":51}},{"start":{"line":11,"column":56},"end":{"line":13,"column":1}}],"line":11},"6":{"loc":{"start":{"line":12,"column":11},"end":{"line":12,"column":61}},"type":"cond-expr","locations":[{"start":{"line":12,"column":37},"end":{"line":12,"column":40}},{"start":{"line":12,"column":43},"end":{"line":12,"column":61}}],"line":12},"7":{"loc":{"start":{"line":12,"column":12},"end":{"line":12,"column":33}},"type":"binary-expr","locations":[{"start":{"line":12,"column":12},"end":{"line":12,"column":15}},{"start":{"line":12,"column":19},"end":{"line":12,"column":33}}],"line":12},"8":{"loc":{"start":{"line":20,"column":18},"end":{"line":20,"column":115}},"type":"cond-expr","locations":[{"start":{"line":20,"column":81},"end":{"line":20,"column":87}},{"start":{"line":20,"column":90},"end":{"line":20,"column":115}}],"line":20},"9":{"loc":{"start":{"line":20,"column":18},"end":{"line":20,"column":78}},"type":"binary-expr","locations":[{"start":{"line":20,"column":18},"end":{"line":20,"column":61}},{"start":{"line":20,"column":65},"end":{"line":20,"column":78}}],"line":20},"10":{"loc":{"start":{"line":21,"column":4},"end":{"line":24,"column":5}},"type":"if","locations":[{"start":{"line":21,"column":4},"end":{"line":24,"column":5}},{"start":{},"end":{}}],"line":21}},"s":{"0":1,"1":0,"2":0,"3":2,"4":0,"5":0,"6":0,"7":0,"8":0,"9":0,"10":2,"11":2,"12":1,"13":1,"14":1,"15":1,"16":1,"17":1,"18":1,"19":2,"20":2,"21":2,"22":0,"23":0,"24":2,"25":2,"26":2,"27":2,"28":0,"29":0,"30":1},"f":{"0":2,"1":0,"2":0,"3":2,"4":0,"5":0,"6":2,"7":1,"8":2,"9":2},"b":{"0":[1,1,1],"1":[0,0],"2":[2,2],"3":[2,0],"4":[2,2],"5":[1,1,1],"6":[0,1],"7":[1,1],"8":[0,2],"9":[2,2],"10":[0,2]},"inputSourceMap":null,"_coverageSchema":"1a1c01bbd47fc00a2c39e90264f33305004495a9","hash":"e94fd7232c39c1fe0f781ab22d003c4398c3eba2"}
,"C:\\Users\\renan\\OneDrive\\Documentos\\FACULDADE\\LingroomTC\\Back-End\\src\\models\\Post.js": {"path":"C:\\Users\\renan\\OneDrive\\Documentos\\FACULDADE\\LingroomTC\\Back-End\\src\\models\\Post.js","statementMap":{"0":{"start":{"line":2,"column":0},"end":{"line":2,"column":62}},"1":{"start":{"line":3,"column":0},"end":{"line":3,"column":22}},"2":{"start":{"line":4,"column":19},"end":{"line":4,"column":38}},"3":{"start":{"line":5,"column":19},"end":{"line":9,"column":24}},"4":{"start":{"line":10,"column":0},"end":{"line":10,"column":57}}},"fnMap":{},"branchMap":{},"s":{"0":1,"1":1,"2":1,"3":1,"4":1},"f":{},"b":{},"inputSourceMap":null,"_coverageSchema":"1a1c01bbd47fc00a2c39e90264f33305004495a9","hash":"3cdc648bc3b0a8c1bc35a25b74bbee18c092f76a"}
,"C:\\Users\\renan\\OneDrive\\Documentos\\FACULDADE\\LingroomTC\\Back-End\\src\\models\\User.ts": {"path":"C:\\Users\\renan\\OneDrive\\Documentos\\FACULDADE\\LingroomTC\\Back-End\\src\\models\\User.ts","statementMap":{"0":{"start":{"line":1,"column":0},"end":{"line":1,"column":51}},"1":{"start":{"line":2,"column":0},"end":{"line":2,"column":30}},"2":{"start":{"line":15,"column":19},"end":{"line":26,"column":null}},"3":{"start":{"line":29,"column":0},"end":{"line":36,"column":3}},"4":{"start":{"line":30,"column":2},"end":{"line":32,"column":3}},"5":{"start":{"line":31,"column":4},"end":{"line":31,"column":18}},"6":{"start":{"line":33,"column":15},"end":{"line":33,"column":51}},"7":{"start":{"line":34,"column":2},"end":{"line":34,"column":23}},"8":{"start":{"line":35,"column":2},"end":{"line":35,"column":9}},"9":{"start":{"line":39,"column":0},"end":{"line":46,"column":2}},"10":{"start":{"line":42,"column":2},"end":{"line":44,"column":3}},"11":{"start":{"line":43,"column":4},"end":{"line":43,"column":34}},"12":{"start":{"line":45,"column":2},"end":{"line":45,"column":49}},"13":{"start":{"line":48,"column":13},"end":{"line":48,"column":53}}},"fnMap":{"0":{"name":"(anonymous_8)","decl":{"start":{"line":29,"column":30},"end":{"line":29,"column":46}},"loc":{"start":{"line":29,"column":50},"end":{"line":36,"column":2}}},"1":{"name":"(anonymous_10)","decl":{"start":{"line":39,"column":37},"end":{"line":39,"column":null}},"loc":{"start":{"line":40,"column":18},"end":{"line":46,"column":1}}}},"branchMap":{"0":{"loc":{"start":{"line":30,"column":2},"end":{"line":32,"column":3}},"type":"if","locations":[{"start":{"line":30,"column":2},"end":{"line":32,"column":3}},{"start":{},"end":{}}]},"1":{"loc":{"start":{"line":30,"column":6},"end":{"line":30,"column":52}},"type":"binary-expr","locations":[{"start":{"line":30,"column":6},"end":{"line":30,"column":34}},{"start":{"line":30,"column":38},"end":{"line":30,"column":52}}]},"2":{"loc":{"start":{"line":42,"column":2},"end":{"line":44,"column":3}},"type":"if","locations":[{"start":{"line":42,"column":2},"end":{"line":44,"column":3}},{"start":{},"end":{}}]}},"s":{"0":1,"1":1,"2":1,"3":1,"4":2,"5":0,"6":2,"7":2,"8":2,"9":1,"10":2,"11":0,"12":2,"13":1},"f":{"0":2,"1":2},"b":{"0":[0,2],"1":[2,2],"2":[0,2]}}
,"C:\\Users\\renan\\OneDrive\\Documentos\\FACULDADE\\LingroomTC\\Back-End\\src\\routes\\postRoutes.js": {"path":"C:\\Users\\renan\\OneDrive\\Documentos\\FACULDADE\\LingroomTC\\Back-End\\src\\routes\\postRoutes.js","statementMap":{"0":{"start":{"line":2,"column":22},"end":{"line":12,"column":3}},"1":{"start":{"line":3,"column":4},"end":{"line":3,"column":33}},"2":{"start":{"line":3,"column":26},"end":{"line":3,"column":33}},"3":{"start":{"line":4,"column":15},"end":{"line":4,"column":52}},"4":{"start":{"line":5,"column":4},"end":{"line":7,"column":5}},"5":{"start":{"line":6,"column":6},"end":{"line":6,"column":68}},"6":{"start":{"line":6,"column":51},"end":{"line":6,"column":63}},"7":{"start":{"line":8,"column":4},"end":{"line":8,"column":39}},"8":{"start":{"line":10,"column":4},"end":{"line":10,"column":33}},"9":{"start":{"line":10,"column":26},"end":{"line":10,"column":33}},"10":{"start":{"line":11,"column":4},"end":{"line":11,"column":17}},"11":{"start":{"line":13,"column":25},"end":{"line":17,"column":2}},"12":{"start":{"line":14,"column":4},"end":{"line":14,"column":72}},"13":{"start":{"line":16,"column":4},"end":{"line":16,"column":21}},"14":{"start":{"line":18,"column":19},"end":{"line":34,"column":4}},"15":{"start":{"line":19,"column":18},"end":{"line":26,"column":5}},"16":{"start":{"line":20,"column":8},"end":{"line":24,"column":10}},"17":{"start":{"line":21,"column":21},"end":{"line":21,"column":23}},"18":{"start":{"line":22,"column":12},"end":{"line":22,"column":95}},"19":{"start":{"line":22,"column":29},"end":{"line":22,"column":95}},"20":{"start":{"line":22,"column":77},"end":{"line":22,"column":95}},"21":{"start":{"line":23,"column":12},"end":{"line":23,"column":22}},"22":{"start":{"line":25,"column":8},"end":{"line":25,"column":26}},"23":{"start":{"line":27,"column":4},"end":{"line":33,"column":6}},"24":{"start":{"line":28,"column":8},"end":{"line":28,"column":46}},"25":{"start":{"line":28,"column":35},"end":{"line":28,"column":46}},"26":{"start":{"line":29,"column":21},"end":{"line":29,"column":23}},"27":{"start":{"line":30,"column":8},"end":{"line":30,"column":137}},"28":{"start":{"line":30,"column":25},"end":{"line":30,"column":137}},"29":{"start":{"line":30,"column":38},"end":{"line":30,"column":50}},"30":{"start":{"line":30,"column":56},"end":{"line":30,"column":57}},"31":{"start":{"line":30,"column":78},"end":{"line":30,"column":137}},"32":{"start":{"line":30,"column":102},"end":{"line":30,"column":137}},"33":{"start":{"line":31,"column":8},"end":{"line":31,"column":40}},"34":{"start":{"line":32,"column":8},"end":{"line":32,"column":22}},"35":{"start":{"line":35,"column":0},"end":{"line":35,"column":62}},"36":{"start":{"line":36,"column":18},"end":{"line":36,"column":36}},"37":{"start":{"line":37,"column":15},"end":{"line":37,"column":45}},"38":{"start":{"line":38,"column":23},"end":{"line":38,"column":55}},"39":{"start":{"line":39,"column":23},"end":{"line":39,"column":77}},"40":{"start":{"line":40,"column":15},"end":{"line":40,"column":38}},"41":{"start":{"line":41,"column":0},"end":{"line":41,"column":83}},"42":{"start":{"line":42,"column":0},"end":{"line":42,"column":90}},"43":{"start":{"line":43,"column":0},"end":{"line":43,"column":87}},"44":{"start":{"line":44,"column":0},"end":{"line":44,"column":104}},"45":{"start":{"line":45,"column":0},"end":{"line":45,"column":107}},"46":{"start":{"line":46,"column":0},"end":{"line":46,"column":110}},"47":{"start":{"line":47,"column":0},"end":{"line":47,"column":112}},"48":{"start":{"line":48,"column":0},"end":{"line":48,"column":25}}},"fnMap":{"0":{"name":"(anonymous_0)","decl":{"start":{"line":2,"column":74},"end":{"line":2,"column":75}},"loc":{"start":{"line":2,"column":96},"end":{"line":9,"column":1}},"line":2},"1":{"name":"(anonymous_1)","decl":{"start":{"line":6,"column":38},"end":{"line":6,"column":39}},"loc":{"start":{"line":6,"column":49},"end":{"line":6,"column":65}},"line":6},"2":{"name":"(anonymous_2)","decl":{"start":{"line":9,"column":6},"end":{"line":9,"column":7}},"loc":{"start":{"line":9,"column":28},"end":{"line":12,"column":1}},"line":9},"3":{"name":"(anonymous_3)","decl":{"start":{"line":13,"column":80},"end":{"line":13,"column":81}},"loc":{"start":{"line":13,"column":95},"end":{"line":15,"column":1}},"line":13},"4":{"name":"(anonymous_4)","decl":{"start":{"line":15,"column":5},"end":{"line":15,"column":6}},"loc":{"start":{"line":15,"column":20},"end":{"line":17,"column":1}},"line":15},"5":{"name":"(anonymous_5)","decl":{"start":{"line":18,"column":51},"end":{"line":18,"column":52}},"loc":{"start":{"line":18,"column":63},"end":{"line":34,"column":1}},"line":18},"6":{"name":"(anonymous_6)","decl":{"start":{"line":19,"column":18},"end":{"line":19,"column":19}},"loc":{"start":{"line":19,"column":30},"end":{"line":26,"column":5}},"line":19},"7":{"name":"(anonymous_7)","decl":{"start":{"line":20,"column":48},"end":{"line":20,"column":49}},"loc":{"start":{"line":20,"column":61},"end":{"line":24,"column":9}},"line":20},"8":{"name":"(anonymous_8)","decl":{"start":{"line":27,"column":11},"end":{"line":27,"column":12}},"loc":{"start":{"line":27,"column":26},"end":{"line":33,"column":5}},"line":27}},"branchMap":{"0":{"loc":{"start":{"line":2,"column":22},"end":{"line":12,"column":3}},"type":"binary-expr","locations":[{"start":{"line":2,"column":23},"end":{"line":2,"column":27}},{"start":{"line":2,"column":31},"end":{"line":2,"column":51}},{"start":{"line":2,"column":57},"end":{"line":12,"column":2}}],"line":2},"1":{"loc":{"start":{"line":2,"column":57},"end":{"line":12,"column":2}},"type":"cond-expr","locations":[{"start":{"line":2,"column":74},"end":{"line":9,"column":1}},{"start":{"line":9,"column":6},"end":{"line":12,"column":1}}],"line":2},"2":{"loc":{"start":{"line":3,"column":4},"end":{"line":3,"column":33}},"type":"if","locations":[{"start":{"line":3,"column":4},"end":{"line":3,"column":33}},{"start":{},"end":{}}],"line":3},"3":{"loc":{"start":{"line":5,"column":4},"end":{"line":7,"column":5}},"type":"if","locations":[{"start":{"line":5,"column":4},"end":{"line":7,"column":5}},{"start":{},"end":{}}],"line":5},"4":{"loc":{"start":{"line":5,"column":8},"end":{"line":5,"column":85}},"type":"binary-expr","locations":[{"start":{"line":5,"column":8},"end":{"line":5,"column":13}},{"start":{"line":5,"column":18},"end":{"line":5,"column":84}}],"line":5},"5":{"loc":{"start":{"line":5,"column":18},"end":{"line":5,"column":84}},"type":"cond-expr","locations":[{"start":{"line":5,"column":34},"end":{"line":5,"column":47}},{"start":{"line":5,"column":50},"end":{"line":5,"column":84}}],"line":5},"6":{"loc":{"start":{"line":5,"column":50},"end":{"line":5,"column":84}},"type":"binary-expr","locations":[{"start":{"line":5,"column":50},"end":{"line":5,"column":63}},{"start":{"line":5,"column":67},"end":{"line":5,"column":84}}],"line":5},"7":{"loc":{"start":{"line":10,"column":4},"end":{"line":10,"column":33}},"type":"if","locations":[{"start":{"line":10,"column":4},"end":{"line":10,"column":33}},{"start":{},"end":{}}],"line":10},"8":{"loc":{"start":{"line":13,"column":25},"end":{"line":17,"column":2}},"type":"binary-expr","locations":[{"start":{"line":13,"column":26},"end":{"line":13,"column":30}},{"start":{"line":13,"column":34},"end":{"line":13,"column":57}},{"start":{"line":13,"column":63},"end":{"line":17,"column":1}}],"line":13},"9":{"loc":{"start":{"line":13,"column":63},"end":{"line":17,"column":1}},"type":"cond-expr","locations":[{"start":{"line":13,"column":80},"end":{"line":15,"column":1}},{"start":{"line":15,"column":5},"end":{"line":17,"column":1}}],"line":13},"10":{"loc":{"start":{"line":18,"column":19},"end":{"line":34,"column":4}},"type":"binary-expr","locations":[{"start":{"line":18,"column":20},"end":{"line":18,"column":24}},{"start":{"line":18,"column":28},"end":{"line":18,"column":45}},{"start":{"line":18,"column":50},"end":{"line":34,"column":4}}],"line":18},"11":{"loc":{"start":{"line":20,"column":18},"end":{"line":24,"column":9}},"type":"binary-expr","locations":[{"start":{"line":20,"column":18},"end":{"line":20,"column":44}},{"start":{"line":20,"column":48},"end":{"line":24,"column":9}}],"line":20},"12":{"loc":{"start":{"line":22,"column":29},"end":{"line":22,"column":95}},"type":"if","locations":[{"start":{"line":22,"column":29},"end":{"line":22,"column":95}},{"start":{},"end":{}}],"line":22},"13":{"loc":{"start":{"line":28,"column":8},"end":{"line":28,"column":46}},"type":"if","locations":[{"start":{"line":28,"column":8},"end":{"line":28,"column":46}},{"start":{},"end":{}}],"line":28},"14":{"loc":{"start":{"line":28,"column":12},"end":{"line":28,"column":33}},"type":"binary-expr","locations":[{"start":{"line":28,"column":12},"end":{"line":28,"column":15}},{"start":{"line":28,"column":19},"end":{"line":28,"column":33}}],"line":28},"15":{"loc":{"start":{"line":30,"column":8},"end":{"line":30,"column":137}},"type":"if","locations":[{"start":{"line":30,"column":8},"end":{"line":30,"column":137}},{"start":{},"end":{}}],"line":30},"16":{"loc":{"start":{"line":30,"column":78},"end":{"line":30,"column":137}},"type":"if","locations":[{"start":{"line":30,"column":78},"end":{"line":30,"column":137}},{"start":{},"end":{}}],"line":30}},"s":{"0":1,"1":0,"2":0,"3":0,"4":0,"5":0,"6":0,"7":0,"8":0,"9":0,"10":0,"11":1,"12":0,"13":0,"14":1,"15":1,"16":0,"17":0,"18":0,"19":0,"20":0,"21":0,"22":0,"23":1,"24":1,"25":1,"26":0,"27":0,"28":0,"29":0,"30":0,"31":0,"32":0,"33":0,"34":0,"35":1,"36":1,"37":1,"38":1,"39":1,"40":1,"41":1,"42":1,"43":1,"44":1,"45":1,"46":1,"47":1,"48":1},"f":{"0":0,"1":0,"2":0,"3":0,"4":0,"5":1,"6":0,"7":0,"8":1},"b":{"0":[1,1,1],"1":[1,0],"2":[0,0],"3":[0,0],"4":[0,0],"5":[0,0],"6":[0,0],"7":[0,0],"8":[1,1,1],"9":[1,0],"10":[1,1,1],"11":[0,0],"12":[0,0],"13":[1,0],"14":[1,1],"15":[0,0],"16":[0,0]},"inputSourceMap":null,"_coverageSchema":"1a1c01bbd47fc00a2c39e90264f33305004495a9","hash":"65c77167523d27a2f3435f2f957c1bfb0311292a"}
,"C:\\Users\\renan\\OneDrive\\Documentos\\FACULDADE\\LingroomTC\\Back-End\\src\\routes\\userRoutes.ts": {"path":"C:\\Users\\renan\\OneDrive\\Documentos\\FACULDADE\\LingroomTC\\Back-End\\src\\routes\\userRoutes.ts","statementMap":{"0":{"start":{"line":1,"column":0},"end":{"line":1,"column":33}},"1":{"start":{"line":2,"column":0},"end":{"line":2,"column":53}},"2":{"start":{"line":3,"column":0},"end":{"line":3,"column":64}},"3":{"start":{"line":5,"column":15},"end":{"line":5,"column":23}},"4":{"start":{"line":7,"column":0},"end":{"line":7,"column":64}},"5":{"start":{"line":8,"column":0},"end":{"line":8,"column":58}},"6":{"start":{"line":10,"column":0},"end":{"line":10,"column":22}}},"fnMap":{},"branchMap":{},"s":{"0":1,"1":1,"2":1,"3":1,"4":1,"5":1,"6":1},"f":{},"b":{}}
,"C:\\Users\\renan\\OneDrive\\Documentos\\FACULDADE\\LingroomTC\\Back-End\\src\\services\\postServices.js": {"path":"C:\\Users\\renan\\OneDrive\\Documentos\\FACULDADE\\LingroomTC\\Back-End\\src\\services\\postServices.js","statementMap":{"0":{"start":{"line":2,"column":16},"end":{"line":10,"column":1}},"1":{"start":{"line":3,"column":28},"end":{"line":3,"column":110}},"2":{"start":{"line":3,"column":91},"end":{"line":3,"column":106}},"3":{"start":{"line":4,"column":4},"end":{"line":9,"column":7}},"4":{"start":{"line":5,"column":36},"end":{"line":5,"column":97}},"5":{"start":{"line":5,"column":42},"end":{"line":5,"column":70}},"6":{"start":{"line":5,"column":85},"end":{"line":5,"column":95}},"7":{"start":{"line":6,"column":35},"end":{"line":6,"column":100}},"8":{"start":{"line":6,"column":41},"end":{"line":6,"column":73}},"9":{"start":{"line":6,"column":88},"end":{"line":6,"column":98}},"10":{"start":{"line":7,"column":32},"end":{"line":7,"column":116}},"11":{"start":{"line":8,"column":8},"end":{"line":8,"column":78}},"12":{"start":{"line":11,"column":0},"end":{"line":11,"column":62}},"13":{"start":{"line":12,"column":0},"end":{"line":12,"column":46}},"14":{"start":{"line":13,"column":0},"end":{"line":13,"column":50}},"15":{"start":{"line":14,"column":0},"end":{"line":14,"column":48}},"16":{"start":{"line":15,"column":0},"end":{"line":15,"column":48}},"17":{"start":{"line":16,"column":0},"end":{"line":16,"column":46}},"18":{"start":{"line":17,"column":0},"end":{"line":17,"column":46}},"19":{"start":{"line":18,"column":0},"end":{"line":18,"column":46}},"20":{"start":{"line":19,"column":15},"end":{"line":19,"column":40}},"21":{"start":{"line":22,"column":4},"end":{"line":32,"column":7}},"22":{"start":{"line":23,"column":28},"end":{"line":23,"column":50}},"23":{"start":{"line":24,"column":8},"end":{"line":31,"column":20}},"24":{"start":{"line":36,"column":4},"end":{"line":38,"column":7}},"25":{"start":{"line":37,"column":8},"end":{"line":37,"column":65}},"26":{"start":{"line":42,"column":4},"end":{"line":44,"column":7}},"27":{"start":{"line":43,"column":8},"end":{"line":43,"column":65}},"28":{"start":{"line":47,"column":4},"end":{"line":49,"column":7}},"29":{"start":{"line":48,"column":8},"end":{"line":48,"column":47}},"30":{"start":{"line":52,"column":4},"end":{"line":55,"column":7}},"31":{"start":{"line":53,"column":21},"end":{"line":53,"column":42}},"32":{"start":{"line":54,"column":8},"end":{"line":54,"column":27}},"33":{"start":{"line":58,"column":4},"end":{"line":60,"column":7}},"34":{"start":{"line":59,"column":8},"end":{"line":59,"column":77}},"35":{"start":{"line":63,"column":4},"end":{"line":65,"column":7}},"36":{"start":{"line":64,"column":8},"end":{"line":64,"column":56}}},"fnMap":{"0":{"name":"(anonymous_0)","decl":{"start":{"line":2,"column":44},"end":{"line":2,"column":45}},"loc":{"start":{"line":2,"column":89},"end":{"line":10,"column":1}},"line":2},"1":{"name":"adopt","decl":{"start":{"line":3,"column":13},"end":{"line":3,"column":18}},"loc":{"start":{"line":3,"column":26},"end":{"line":3,"column":112}},"line":3},"2":{"name":"(anonymous_2)","decl":{"start":{"line":3,"column":70},"end":{"line":3,"column":71}},"loc":{"start":{"line":3,"column":89},"end":{"line":3,"column":108}},"line":3},"3":{"name":"(anonymous_3)","decl":{"start":{"line":4,"column":36},"end":{"line":4,"column":37}},"loc":{"start":{"line":4,"column":63},"end":{"line":9,"column":5}},"line":4},"4":{"name":"fulfilled","decl":{"start":{"line":5,"column":17},"end":{"line":5,"column":26}},"loc":{"start":{"line":5,"column":34},"end":{"line":5,"column":99}},"line":5},"5":{"name":"rejected","decl":{"start":{"line":6,"column":17},"end":{"line":6,"column":25}},"loc":{"start":{"line":6,"column":33},"end":{"line":6,"column":102}},"line":6},"6":{"name":"step","decl":{"start":{"line":7,"column":17},"end":{"line":7,"column":21}},"loc":{"start":{"line":7,"column":30},"end":{"line":7,"column":118}},"line":7},"7":{"name":"searchPostService","decl":{"start":{"line":21,"column":9},"end":{"line":21,"column":26}},"loc":{"start":{"line":21,"column":34},"end":{"line":33,"column":1}},"line":21},"8":{"name":"(anonymous_8)","decl":{"start":{"line":22,"column":43},"end":{"line":22,"column":44}},"loc":{"start":{"line":22,"column":56},"end":{"line":32,"column":5}},"line":22},"9":{"name":"getAdminPostService","decl":{"start":{"line":35,"column":9},"end":{"line":35,"column":28}},"loc":{"start":{"line":35,"column":31},"end":{"line":39,"column":1}},"line":35},"10":{"name":"(anonymous_10)","decl":{"start":{"line":36,"column":43},"end":{"line":36,"column":44}},"loc":{"start":{"line":36,"column":56},"end":{"line":38,"column":5}},"line":36},"11":{"name":"getAllPostsService","decl":{"start":{"line":41,"column":9},"end":{"line":41,"column":27}},"loc":{"start":{"line":41,"column":30},"end":{"line":45,"column":1}},"line":41},"12":{"name":"(anonymous_12)","decl":{"start":{"line":42,"column":43},"end":{"line":42,"column":44}},"loc":{"start":{"line":42,"column":56},"end":{"line":44,"column":5}},"line":42},"13":{"name":"getPostByIdService","decl":{"start":{"line":46,"column":9},"end":{"line":46,"column":27}},"loc":{"start":{"line":46,"column":32},"end":{"line":50,"column":1}},"line":46},"14":{"name":"(anonymous_14)","decl":{"start":{"line":47,"column":43},"end":{"line":47,"column":44}},"loc":{"start":{"line":47,"column":56},"end":{"line":49,"column":5}},"line":47},"15":{"name":"createPostService","decl":{"start":{"line":51,"column":9},"end":{"line":51,"column":26}},"loc":{"start":{"line":51,"column":33},"end":{"line":56,"column":1}},"line":51},"16":{"name":"(anonymous_16)","decl":{"start":{"line":52,"column":43},"end":{"line":52,"column":44}},"loc":{"start":{"line":52,"column":56},"end":{"line":55,"column":5}},"line":52},"17":{"name":"updatePostService","decl":{"start":{"line":57,"column":9},"end":{"line":57,"column":26}},"loc":{"start":{"line":57,"column":37},"end":{"line":61,"column":1}},"line":57},"18":{"name":"(anonymous_18)","decl":{"start":{"line":58,"column":43},"end":{"line":58,"column":44}},"loc":{"start":{"line":58,"column":56},"end":{"line":60,"column":5}},"line":58},"19":{"name":"deletePostService","decl":{"start":{"line":62,"column":9},"end":{"line":62,"column":26}},"loc":{"start":{"line":62,"column":31},"end":{"line":66,"column":1}},"line":62},"20":{"name":"(anonymous_20)","decl":{"start":{"line":63,"column":43},"end":{"line":63,"column":44}},"loc":{"start":{"line":63,"column":56},"end":{"line":65,"column":5}},"line":63}},"branchMap":{"0":{"loc":{"start":{"line":2,"column":16},"end":{"line":10,"column":1}},"type":"binary-expr","locations":[{"start":{"line":2,"column":17},"end":{"line":2,"column":21}},{"start":{"line":2,"column":25},"end":{"line":2,"column":39}},{"start":{"line":2,"column":44},"end":{"line":10,"column":1}}],"line":2},"1":{"loc":{"start":{"line":3,"column":35},"end":{"line":3,"column":109}},"type":"cond-expr","locations":[{"start":{"line":3,"column":56},"end":{"line":3,"column":61}},{"start":{"line":3,"column":64},"end":{"line":3,"column":109}}],"line":3},"2":{"loc":{"start":{"line":4,"column":16},"end":{"line":4,"column":34}},"type":"binary-expr","locations":[{"start":{"line":4,"column":16},"end":{"line":4,"column":17}},{"start":{"line":4,"column":22},"end":{"line":4,"column":33}}],"line":4},"3":{"loc":{"start":{"line":7,"column":32},"end":{"line":7,"column":115}},"type":"cond-expr","locations":[{"start":{"line":7,"column":46},"end":{"line":7,"column":67}},{"start":{"line":7,"column":70},"end":{"line":7,"column":115}}],"line":7},"4":{"loc":{"start":{"line":8,"column":51},"end":{"line":8,"column":67}},"type":"binary-expr","locations":[{"start":{"line":8,"column":51},"end":{"line":8,"column":61}},{"start":{"line":8,"column":65},"end":{"line":8,"column":67}}],"line":8}},"s":{"0":1,"1":0,"2":0,"3":3,"4":0,"5":0,"6":0,"7":0,"8":0,"9":0,"10":3,"11":3,"12":1,"13":1,"14":1,"15":1,"16":1,"17":1,"18":1,"19":1,"20":1,"21":0,"22":0,"23":0,"24":0,"25":0,"26":1,"27":1,"28":0,"29":0,"30":2,"31":2,"32":2,"33":0,"34":0,"35":0,"36":0},"f":{"0":3,"1":0,"2":0,"3":3,"4":0,"5":0,"6":3,"7":0,"8":0,"9":0,"10":0,"11":1,"12":1,"13":0,"14":0,"15":2,"16":2,"17":0,"18":0,"19":0,"20":0},"b":{"0":[1,1,1],"1":[0,0],"2":[3,3],"3":[3,0],"4":[3,3]},"inputSourceMap":null,"_coverageSchema":"1a1c01bbd47fc00a2c39e90264f33305004495a9","hash":"2840a09c9e46d0e17591f9afd498d4a33e2d207f"}
,"C:\\Users\\renan\\OneDrive\\Documentos\\FACULDADE\\LingroomTC\\Back-End\\src\\services\\userServices.ts": {"path":"C:\\Users\\renan\\OneDrive\\Documentos\\FACULDADE\\LingroomTC\\Back-End\\src\\services\\userServices.ts","statementMap":{"0":{"start":{"line":19,"column":0},"end":{"line":19,"column":22}},"1":{"start":{"line":37,"column":0},"end":{"line":37,"column":22}},"2":{"start":{"line":1,"column":0},"end":{"line":1,"column":45}},"3":{"start":{"line":2,"column":0},"end":{"line":2,"column":39}},"4":{"start":{"line":3,"column":0},"end":{"line":3,"column":31}},"5":{"start":{"line":22,"column":15},"end":{"line":22,"column":33}},"6":{"start":{"line":23,"column":2},"end":{"line":23,"column":21}},"7":{"start":{"line":41,"column":15},"end":{"line":41,"column":64}},"8":{"start":{"line":43,"column":2},"end":{"line":45,"column":3}},"9":{"start":{"line":44,"column":4},"end":{"line":44,"column":16}},"10":{"start":{"line":47,"column":18},"end":{"line":47,"column":70}},"11":{"start":{"line":48,"column":16},"end":{"line":48,"column":66}},"12":{"start":{"line":50,"column":2},"end":{"line":50,"column":25}}},"fnMap":{"0":{"name":"registerUserService","decl":{"start":{"line":19,"column":22},"end":{"line":19,"column":41}},"loc":{"start":{"line":20,"column":29},"end":{"line":24,"column":null}}},"1":{"name":"loginUserService","decl":{"start":{"line":37,"column":22},"end":{"line":37,"column":38}},"loc":{"start":{"line":39,"column":18},"end":{"line":51,"column":null}}}},"branchMap":{"0":{"loc":{"start":{"line":43,"column":2},"end":{"line":45,"column":3}},"type":"if","locations":[{"start":{"line":43,"column":2},"end":{"line":45,"column":3}},{"start":{},"end":{}}]},"1":{"loc":{"start":{"line":43,"column":6},"end":{"line":43,"column":54}},"type":"binary-expr","locations":[{"start":{"line":43,"column":6},"end":{"line":43,"column":11}},{"start":{"line":43,"column":15},"end":{"line":43,"column":54}}]}},"s":{"0":1,"1":1,"2":1,"3":1,"4":1,"5":2,"6":2,"7":2,"8":2,"9":0,"10":2,"11":2,"12":2},"f":{"0":2,"1":2},"b":{"0":[0,2],"1":[2,2]}}
,"C:\\Users\\renan\\OneDrive\\Documentos\\FACULDADE\\LingroomTC\\Back-End\\src\\utils\\asyncHandler.js": {"path":"C:\\Users\\renan\\OneDrive\\Documentos\\FACULDADE\\LingroomTC\\Back-End\\src\\utils\\asyncHandler.js","statementMap":{"0":{"start":{"line":2,"column":0},"end":{"line":2,"column":62}},"1":{"start":{"line":3,"column":0},"end":{"line":3,"column":30}},"2":{"start":{"line":4,"column":21},"end":{"line":4,"column":96}},"3":{"start":{"line":4,"column":29},"end":{"line":4,"column":96}},"4":{"start":{"line":4,"column":49},"end":{"line":4,"column":96}},"5":{"start":{"line":5,"column":0},"end":{"line":5,"column":36}}},"fnMap":{"0":{"name":"(anonymous_0)","decl":{"start":{"line":4,"column":21},"end":{"line":4,"column":22}},"loc":{"start":{"line":4,"column":29},"end":{"line":4,"column":96}},"line":4},"1":{"name":"(anonymous_1)","decl":{"start":{"line":4,"column":29},"end":{"line":4,"column":30}},"loc":{"start":{"line":4,"column":49},"end":{"line":4,"column":96}},"line":4}},"branchMap":{},"s":{"0":1,"1":1,"2":1,"3":9,"4":7,"5":1},"f":{"0":9,"1":7},"b":{},"inputSourceMap":null,"_coverageSchema":"1a1c01bbd47fc00a2c39e90264f33305004495a9","hash":"840ff56800526984df786ccbf9cb01c486ab8fc9"}
}
