TN:
SF:src\app.js
FN:2,(anonymous_0)
FNF:1
FNH:1
FNDA:3,(anonymous_0)
DA:2,1
DA:3,3
DA:5,1
DA:6,1
DA:7,1
DA:8,1
DA:9,1
DA:10,1
DA:11,1
DA:12,1
DA:13,1
DA:14,1
LF:12
LH:12
BRDA:2,0,0,1
BRDA:2,0,1,1
BRDA:2,0,2,1
BRDA:3,1,0,2
BRDA:3,1,1,1
BRDA:3,2,0,3
BRDA:3,2,1,3
BRF:7
BRH:7
end_of_record
TN:
SF:src\config\index.js
FN:2,(anonymous_0)
FNF:1
FNH:1
FNDA:1,(anonymous_0)
DA:2,1
DA:3,1
DA:5,1
DA:6,1
DA:7,1
DA:8,1
DA:9,1
DA:10,1
DA:11,1
LF:9
LH:9
BRDA:2,0,0,1
BRDA:2,0,1,1
BRDA:2,0,2,1
BRDA:3,1,0,0
BRDA:3,1,1,1
BRDA:3,2,0,1
BRDA:3,2,1,1
BRDA:9,3,0,1
BRDA:9,3,1,0
BRF:9
BRH:7
end_of_record
TN:
SF:src\controllers\postController.js
FN:2,(anonymous_0)
FN:6,(anonymous_1)
FN:9,(anonymous_2)
FN:13,(anonymous_3)
FN:15,(anonymous_4)
FN:18,(anonymous_5)
FN:19,(anonymous_6)
FN:20,(anonymous_7)
FN:27,(anonymous_8)
FN:35,(anonymous_9)
FN:36,adopt
FN:36,(anonymous_11)
FN:37,(anonymous_12)
FN:38,fulfilled
FN:39,rejected
FN:40,step
FN:54,searchPosts
FN:55,(anonymous_17)
FN:72,getAdminPosts
FN:73,(anonymous_19)
FN:83,getAllPosts
FN:84,(anonymous_21)
FN:94,getPostById
FN:95,(anonymous_23)
FN:108,createPost
FN:109,(anonymous_25)
FN:124,updatePost
FN:125,(anonymous_27)
FN:138,deletePost
FN:139,(anonymous_29)
FNF:30
FNH:13
FNDA:0,(anonymous_0)
FNDA:0,(anonymous_1)
FNDA:0,(anonymous_2)
FNDA:0,(anonymous_3)
FNDA:0,(anonymous_4)
FNDA:1,(anonymous_5)
FNDA:0,(anonymous_6)
FNDA:0,(anonymous_7)
FNDA:1,(anonymous_8)
FNDA:3,(anonymous_9)
FNDA:3,adopt
FNDA:0,(anonymous_11)
FNDA:3,(anonymous_12)
FNDA:3,fulfilled
FNDA:0,rejected
FNDA:6,step
FNDA:0,searchPosts
FNDA:0,(anonymous_17)
FNDA:0,getAdminPosts
FNDA:0,(anonymous_19)
FNDA:1,getAllPosts
FNDA:1,(anonymous_21)
FNDA:1,getPostById
FNDA:1,(anonymous_23)
FNDA:1,createPost
FNDA:1,(anonymous_25)
FNDA:0,updatePost
FNDA:0,(anonymous_27)
FNDA:0,deletePost
FNDA:0,(anonymous_29)
DA:2,1
DA:3,0
DA:4,0
DA:5,0
DA:6,0
DA:8,0
DA:10,0
DA:11,0
DA:13,1
DA:14,0
DA:16,0
DA:18,1
DA:19,1
DA:20,0
DA:21,0
DA:22,0
DA:23,0
DA:25,0
DA:27,1
DA:28,1
DA:29,0
DA:30,0
DA:31,0
DA:32,0
DA:35,1
DA:36,3
DA:37,3
DA:38,3
DA:39,0
DA:40,6
DA:41,3
DA:44,1
DA:45,1
DA:46,1
DA:47,1
DA:48,1
DA:49,1
DA:50,1
DA:51,1
DA:52,1
DA:55,0
DA:56,0
DA:57,0
DA:58,0
DA:62,0
DA:63,0
DA:64,0
DA:67,0
DA:73,0
DA:74,0
DA:75,0
DA:76,0
DA:79,0
DA:84,1
DA:85,1
DA:86,1
DA:87,1
DA:90,0
DA:95,1
DA:96,1
DA:97,1
DA:98,1
DA:99,1
DA:100,1
DA:101,0
DA:104,0
DA:109,1
DA:110,1
DA:111,1
DA:112,1
DA:117,1
DA:120,0
DA:125,0
DA:126,0
DA:127,0
DA:128,0
DA:129,0
DA:130,0
DA:131,0
DA:134,0
DA:139,0
DA:140,0
DA:141,0
DA:142,0
DA:143,0
DA:146,0
LF:86
LH:36
BRDA:2,0,0,1
BRDA:2,0,1,1
BRDA:2,0,2,1
BRDA:2,1,0,1
BRDA:2,1,1,0
BRDA:3,2,0,0
BRDA:3,2,1,0
BRDA:5,3,0,0
BRDA:5,3,1,0
BRDA:5,4,0,0
BRDA:5,4,1,0
BRDA:5,5,0,0
BRDA:5,5,1,0
BRDA:5,6,0,0
BRDA:5,6,1,0
BRDA:10,7,0,0
BRDA:10,7,1,0
BRDA:13,8,0,1
BRDA:13,8,1,1
BRDA:13,8,2,1
BRDA:13,9,0,1
BRDA:13,9,1,0
BRDA:18,10,0,1
BRDA:18,10,1,1
BRDA:18,10,2,1
BRDA:20,11,0,0
BRDA:20,11,1,0
BRDA:22,12,0,0
BRDA:22,12,1,0
BRDA:28,13,0,1
BRDA:28,13,1,0
BRDA:28,14,0,1
BRDA:28,14,1,1
BRDA:30,15,0,0
BRDA:30,15,1,0
BRDA:30,16,0,0
BRDA:30,16,1,0
BRDA:35,17,0,1
BRDA:35,17,1,1
BRDA:35,17,2,1
BRDA:36,18,0,3
BRDA:36,18,1,0
BRDA:37,19,0,3
BRDA:37,19,1,3
BRDA:40,20,0,3
BRDA:40,20,1,3
BRDA:41,21,0,3
BRDA:41,21,1,3
BRDA:57,22,0,0
BRDA:57,22,1,0
BRDA:57,23,0,0
BRDA:57,23,1,0
BRDA:99,24,0,1
BRDA:99,24,1,0
BRDA:129,25,0,0
BRDA:129,25,1,0
BRF:56
BRH:25
end_of_record
TN:
SF:src\controllers\userController.js
FN:2,(anonymous_0)
FN:6,(anonymous_1)
FN:9,(anonymous_2)
FN:13,(anonymous_3)
FN:15,(anonymous_4)
FN:18,(anonymous_5)
FN:19,(anonymous_6)
FN:20,(anonymous_7)
FN:27,(anonymous_8)
FN:35,(anonymous_9)
FN:36,adopt
FN:36,(anonymous_11)
FN:37,(anonymous_12)
FN:38,fulfilled
FN:39,rejected
FN:40,step
FN:49,register
FN:50,(anonymous_17)
FN:79,login
FN:80,(anonymous_19)
FNF:20
FNH:11
FNDA:0,(anonymous_0)
FNDA:0,(anonymous_1)
FNDA:0,(anonymous_2)
FNDA:0,(anonymous_3)
FNDA:0,(anonymous_4)
FNDA:1,(anonymous_5)
FNDA:0,(anonymous_6)
FNDA:0,(anonymous_7)
FNDA:1,(anonymous_8)
FNDA:4,(anonymous_9)
FNDA:4,adopt
FNDA:0,(anonymous_11)
FNDA:4,(anonymous_12)
FNDA:4,fulfilled
FNDA:0,rejected
FNDA:8,step
FNDA:2,register
FNDA:2,(anonymous_17)
FNDA:2,login
FNDA:2,(anonymous_19)
DA:2,1
DA:3,0
DA:4,0
DA:5,0
DA:6,0
DA:8,0
DA:10,0
DA:11,0
DA:13,1
DA:14,0
DA:16,0
DA:18,1
DA:19,1
DA:20,0
DA:21,0
DA:22,0
DA:23,0
DA:25,0
DA:27,1
DA:28,1
DA:29,0
DA:30,0
DA:31,0
DA:32,0
DA:35,1
DA:36,4
DA:37,4
DA:38,4
DA:39,0
DA:40,8
DA:41,4
DA:44,1
DA:45,1
DA:46,1
DA:47,1
DA:50,2
DA:51,2
DA:52,2
DA:53,2
DA:61,2
DA:62,2
DA:63,2
DA:69,0
DA:70,0
DA:72,0
DA:80,2
DA:81,2
DA:82,2
DA:83,2
DA:84,2
DA:85,0
DA:87,2
DA:89,2
DA:90,2
DA:91,2
DA:96,0
LF:56
LH:32
BRDA:2,0,0,1
BRDA:2,0,1,1
BRDA:2,0,2,1
BRDA:2,1,0,1
BRDA:2,1,1,0
BRDA:3,2,0,0
BRDA:3,2,1,0
BRDA:5,3,0,0
BRDA:5,3,1,0
BRDA:5,4,0,0
BRDA:5,4,1,0
BRDA:5,5,0,0
BRDA:5,5,1,0
BRDA:5,6,0,0
BRDA:5,6,1,0
BRDA:10,7,0,0
BRDA:10,7,1,0
BRDA:13,8,0,1
BRDA:13,8,1,1
BRDA:13,8,2,1
BRDA:13,9,0,1
BRDA:13,9,1,0
BRDA:18,10,0,1
BRDA:18,10,1,1
BRDA:18,10,2,1
BRDA:20,11,0,0
BRDA:20,11,1,0
BRDA:22,12,0,0
BRDA:22,12,1,0
BRDA:28,13,0,1
BRDA:28,13,1,0
BRDA:28,14,0,1
BRDA:28,14,1,1
BRDA:30,15,0,0
BRDA:30,15,1,0
BRDA:30,16,0,0
BRDA:30,16,1,0
BRDA:35,17,0,1
BRDA:35,17,1,1
BRDA:35,17,2,1
BRDA:36,18,0,4
BRDA:36,18,1,0
BRDA:37,19,0,4
BRDA:37,19,1,4
BRDA:40,20,0,4
BRDA:40,20,1,4
BRDA:41,21,0,4
BRDA:41,21,1,4
BRDA:69,22,0,0
BRDA:69,22,1,0
BRDA:84,23,0,0
BRDA:84,23,1,2
BRF:52
BRH:25
end_of_record
TN:
SF:src\middlewares\auth.js
FN:2,(anonymous_0)
FN:3,adopt
FN:3,(anonymous_2)
FN:4,(anonymous_3)
FN:5,fulfilled
FN:6,rejected
FN:7,step
FN:11,(anonymous_7)
FN:18,(anonymous_8)
FN:18,(anonymous_9)
FN:52,(anonymous_10)
FN:53,(anonymous_11)
FNF:12
FNH:8
FNDA:2,(anonymous_0)
FNDA:0,adopt
FNDA:0,(anonymous_2)
FNDA:2,(anonymous_3)
FNDA:0,fulfilled
FNDA:0,rejected
FNDA:2,step
FNDA:1,(anonymous_7)
FNDA:2,(anonymous_8)
FNDA:2,(anonymous_9)
FNDA:4,(anonymous_10)
FNDA:2,(anonymous_11)
DA:2,1
DA:3,0
DA:4,2
DA:5,0
DA:6,0
DA:7,2
DA:8,2
DA:11,1
DA:12,1
DA:14,1
DA:15,1
DA:16,1
DA:17,1
DA:18,2
DA:20,2
DA:21,2
DA:22,0
DA:23,0
DA:25,2
DA:26,2
DA:27,2
DA:28,2
DA:31,0
DA:32,0
DA:35,1
DA:52,1
DA:53,4
DA:55,2
DA:56,2
DA:57,2
DA:58,0
DA:61,0
DA:63,2
DA:64,1
DA:67,1
DA:69,1
DA:72,1
LF:37
LH:28
BRDA:2,0,0,1
BRDA:2,0,1,1
BRDA:2,0,2,1
BRDA:3,1,0,0
BRDA:3,1,1,0
BRDA:4,2,0,2
BRDA:4,2,1,2
BRDA:7,3,0,2
BRDA:7,3,1,0
BRDA:8,4,0,2
BRDA:8,4,1,2
BRDA:11,5,0,1
BRDA:11,5,1,1
BRDA:11,5,2,1
BRDA:12,6,0,0
BRDA:12,6,1,1
BRDA:12,7,0,1
BRDA:12,7,1,1
BRDA:20,8,0,0
BRDA:20,8,1,2
BRDA:20,9,0,2
BRDA:20,9,1,2
BRDA:21,10,0,0
BRDA:21,10,1,2
BRDA:55,11,0,0
BRDA:55,11,1,2
BRDA:55,12,0,2
BRDA:55,12,1,2
BRDA:57,13,0,0
BRDA:57,13,1,2
BRDA:63,14,0,1
BRDA:63,14,1,1
BRF:32
BRH:24
end_of_record
TN:
SF:src\models\Post.js
FNF:0
FNH:0
DA:2,1
DA:3,1
DA:4,1
DA:5,1
DA:10,1
LF:5
LH:5
BRF:0
BRH:0
end_of_record
TN:
SF:src\models\User.js
FN:2,(anonymous_0)
FN:3,adopt
FN:3,(anonymous_2)
FN:4,(anonymous_3)
FN:5,fulfilled
FN:6,rejected
FN:7,step
FN:11,(anonymous_7)
FN:28,(anonymous_8)
FN:29,(anonymous_9)
FN:39,(anonymous_10)
FNF:11
FNH:9
FNDA:2,(anonymous_0)
FNDA:2,adopt
FNDA:0,(anonymous_2)
FNDA:2,(anonymous_3)
FNDA:2,fulfilled
FNDA:0,rejected
FNDA:4,step
FNDA:1,(anonymous_7)
FNDA:2,(anonymous_8)
FNDA:2,(anonymous_9)
FNDA:2,(anonymous_10)
DA:2,1
DA:3,2
DA:4,2
DA:5,2
DA:6,0
DA:7,4
DA:8,2
DA:11,1
DA:12,1
DA:14,1
DA:15,1
DA:16,1
DA:17,1
DA:18,1
DA:28,1
DA:29,2
DA:30,2
DA:31,0
DA:33,2
DA:34,2
DA:35,2
DA:39,1
DA:40,2
DA:41,0
DA:43,2
DA:45,1
LF:26
LH:23
BRDA:2,0,0,1
BRDA:2,0,1,1
BRDA:2,0,2,1
BRDA:3,1,0,2
BRDA:3,1,1,0
BRDA:4,2,0,2
BRDA:4,2,1,2
BRDA:7,3,0,2
BRDA:7,3,1,2
BRDA:8,4,0,2
BRDA:8,4,1,2
BRDA:11,5,0,1
BRDA:11,5,1,1
BRDA:11,5,2,1
BRDA:12,6,0,0
BRDA:12,6,1,1
BRDA:12,7,0,1
BRDA:12,7,1,1
BRDA:30,8,0,0
BRDA:30,8,1,2
BRDA:30,9,0,2
BRDA:30,9,1,2
BRDA:40,10,0,0
BRDA:40,10,1,2
BRF:24
BRH:20
end_of_record
TN:
SF:src\routes\postRoutes.js
FN:2,(anonymous_0)
FN:6,(anonymous_1)
FN:9,(anonymous_2)
FN:13,(anonymous_3)
FN:15,(anonymous_4)
FN:18,(anonymous_5)
FN:19,(anonymous_6)
FN:20,(anonymous_7)
FN:27,(anonymous_8)
FNF:9
FNH:2
FNDA:0,(anonymous_0)
FNDA:0,(anonymous_1)
FNDA:0,(anonymous_2)
FNDA:0,(anonymous_3)
FNDA:0,(anonymous_4)
FNDA:1,(anonymous_5)
FNDA:0,(anonymous_6)
FNDA:0,(anonymous_7)
FNDA:1,(anonymous_8)
DA:2,1
DA:3,0
DA:4,0
DA:5,0
DA:6,0
DA:8,0
DA:10,0
DA:11,0
DA:13,1
DA:14,0
DA:16,0
DA:18,1
DA:19,1
DA:20,0
DA:21,0
DA:22,0
DA:23,0
DA:25,0
DA:27,1
DA:28,1
DA:29,0
DA:30,0
DA:31,0
DA:32,0
DA:35,1
DA:36,1
DA:37,1
DA:38,1
DA:39,1
DA:40,1
DA:42,1
DA:43,1
DA:44,1
DA:46,1
DA:47,1
DA:48,1
DA:50,1
DA:51,1
LF:38
LH:20
BRDA:2,0,0,1
BRDA:2,0,1,1
BRDA:2,0,2,1
BRDA:2,1,0,1
BRDA:2,1,1,0
BRDA:3,2,0,0
BRDA:3,2,1,0
BRDA:5,3,0,0
BRDA:5,3,1,0
BRDA:5,4,0,0
BRDA:5,4,1,0
BRDA:5,5,0,0
BRDA:5,5,1,0
BRDA:5,6,0,0
BRDA:5,6,1,0
BRDA:10,7,0,0
BRDA:10,7,1,0
BRDA:13,8,0,1
BRDA:13,8,1,1
BRDA:13,8,2,1
BRDA:13,9,0,1
BRDA:13,9,1,0
BRDA:18,10,0,1
BRDA:18,10,1,1
BRDA:18,10,2,1
BRDA:20,11,0,0
BRDA:20,11,1,0
BRDA:22,12,0,0
BRDA:22,12,1,0
BRDA:28,13,0,1
BRDA:28,13,1,0
BRDA:28,14,0,1
BRDA:28,14,1,1
BRDA:30,15,0,0
BRDA:30,15,1,0
BRDA:30,16,0,0
BRDA:30,16,1,0
BRF:37
BRH:14
end_of_record
TN:
SF:src\routes\userRoutes.js
FN:2,(anonymous_0)
FN:6,(anonymous_1)
FN:9,(anonymous_2)
FN:13,(anonymous_3)
FN:15,(anonymous_4)
FN:18,(anonymous_5)
FN:19,(anonymous_6)
FN:20,(anonymous_7)
FN:27,(anonymous_8)
FNF:9
FNH:2
FNDA:0,(anonymous_0)
FNDA:0,(anonymous_1)
FNDA:0,(anonymous_2)
FNDA:0,(anonymous_3)
FNDA:0,(anonymous_4)
FNDA:1,(anonymous_5)
FNDA:0,(anonymous_6)
FNDA:0,(anonymous_7)
FNDA:1,(anonymous_8)
DA:2,1
DA:3,0
DA:4,0
DA:5,0
DA:6,0
DA:8,0
DA:10,0
DA:11,0
DA:13,1
DA:14,0
DA:16,0
DA:18,1
DA:19,1
DA:20,0
DA:21,0
DA:22,0
DA:23,0
DA:25,0
DA:27,1
DA:28,1
DA:29,0
DA:30,0
DA:31,0
DA:32,0
DA:35,1
DA:36,1
DA:37,1
DA:38,1
DA:39,1
DA:40,1
DA:41,1
DA:42,1
LF:32
LH:14
BRDA:2,0,0,1
BRDA:2,0,1,1
BRDA:2,0,2,1
BRDA:2,1,0,1
BRDA:2,1,1,0
BRDA:3,2,0,0
BRDA:3,2,1,0
BRDA:5,3,0,0
BRDA:5,3,1,0
BRDA:5,4,0,0
BRDA:5,4,1,0
BRDA:5,5,0,0
BRDA:5,5,1,0
BRDA:5,6,0,0
BRDA:5,6,1,0
BRDA:10,7,0,0
BRDA:10,7,1,0
BRDA:13,8,0,1
BRDA:13,8,1,1
BRDA:13,8,2,1
BRDA:13,9,0,1
BRDA:13,9,1,0
BRDA:18,10,0,1
BRDA:18,10,1,1
BRDA:18,10,2,1
BRDA:20,11,0,0
BRDA:20,11,1,0
BRDA:22,12,0,0
BRDA:22,12,1,0
BRDA:28,13,0,1
BRDA:28,13,1,0
BRDA:28,14,0,1
BRDA:28,14,1,1
BRDA:30,15,0,0
BRDA:30,15,1,0
BRDA:30,16,0,0
BRDA:30,16,1,0
BRF:37
BRH:14
end_of_record
TN:
SF:src\services\postServices.js
FN:2,(anonymous_0)
FN:3,adopt
FN:3,(anonymous_2)
FN:4,(anonymous_3)
FN:5,fulfilled
FN:6,rejected
FN:7,step
FN:21,searchPostService
FN:22,(anonymous_8)
FN:35,getAdminPostService
FN:36,(anonymous_10)
FN:41,getAllPostsService
FN:42,(anonymous_12)
FN:46,getPostByIdService
FN:47,(anonymous_14)
FN:51,createPostService
FN:52,(anonymous_16)
FN:57,updatePostService
FN:58,(anonymous_18)
FN:62,deletePostService
FN:63,(anonymous_20)
FNF:21
FNH:9
FNDA:3,(anonymous_0)
FNDA:0,adopt
FNDA:0,(anonymous_2)
FNDA:3,(anonymous_3)
FNDA:0,fulfilled
FNDA:0,rejected
FNDA:3,step
FNDA:0,searchPostService
FNDA:0,(anonymous_8)
FNDA:0,getAdminPostService
FNDA:0,(anonymous_10)
FNDA:1,getAllPostsService
FNDA:1,(anonymous_12)
FNDA:1,getPostByIdService
FNDA:1,(anonymous_14)
FNDA:1,createPostService
FNDA:1,(anonymous_16)
FNDA:0,updatePostService
FNDA:0,(anonymous_18)
FNDA:0,deletePostService
FNDA:0,(anonymous_20)
DA:2,1
DA:3,0
DA:4,3
DA:5,0
DA:6,0
DA:7,3
DA:8,3
DA:11,1
DA:12,1
DA:13,1
DA:14,1
DA:15,1
DA:16,1
DA:17,1
DA:18,1
DA:19,1
DA:22,0
DA:23,0
DA:24,0
DA:36,0
DA:37,0
DA:42,1
DA:43,1
DA:47,1
DA:48,1
DA:52,1
DA:53,1
DA:54,1
DA:58,0
DA:59,0
DA:63,0
DA:64,0
LF:32
LH:20
BRDA:2,0,0,1
BRDA:2,0,1,1
BRDA:2,0,2,1
BRDA:3,1,0,0
BRDA:3,1,1,0
BRDA:4,2,0,3
BRDA:4,2,1,3
BRDA:7,3,0,3
BRDA:7,3,1,0
BRDA:8,4,0,3
BRDA:8,4,1,3
BRF:11
BRH:8
end_of_record
TN:
SF:src\services\userServices.js
FN:2,(anonymous_0)
FN:3,adopt
FN:3,(anonymous_2)
FN:4,(anonymous_3)
FN:5,fulfilled
FN:6,rejected
FN:7,step
FN:11,(anonymous_7)
FN:20,registerUserService
FN:21,(anonymous_9)
FN:35,loginUserService
FN:36,(anonymous_11)
FNF:12
FNH:11
FNDA:4,(anonymous_0)
FNDA:4,adopt
FNDA:2,(anonymous_2)
FNDA:4,(anonymous_3)
FNDA:4,fulfilled
FNDA:0,rejected
FNDA:8,step
FNDA:1,(anonymous_7)
FNDA:2,registerUserService
FNDA:2,(anonymous_9)
FNDA:2,loginUserService
FNDA:2,(anonymous_11)
DA:2,1
DA:3,4
DA:4,4
DA:5,4
DA:6,0
DA:7,8
DA:8,4
DA:11,1
DA:12,1
DA:14,1
DA:15,1
DA:16,1
DA:17,1
DA:18,1
DA:19,1
DA:21,2
DA:22,2
DA:23,2
DA:36,2
DA:37,2
DA:38,2
DA:39,0
DA:41,2
DA:42,2
DA:43,2
LF:25
LH:23
BRDA:2,0,0,1
BRDA:2,0,1,1
BRDA:2,0,2,1
BRDA:3,1,0,2
BRDA:3,1,1,2
BRDA:4,2,0,4
BRDA:4,2,1,4
BRDA:7,3,0,4
BRDA:7,3,1,4
BRDA:8,4,0,4
BRDA:8,4,1,4
BRDA:11,5,0,1
BRDA:11,5,1,1
BRDA:11,5,2,1
BRDA:12,6,0,0
BRDA:12,6,1,1
BRDA:12,7,0,1
BRDA:12,7,1,1
BRDA:38,8,0,0
BRDA:38,8,1,2
BRDA:38,9,0,2
BRDA:38,9,1,2
BRF:22
BRH:20
end_of_record
TN:
SF:src\utils\asyncHandler.js
FN:4,(anonymous_0)
FN:4,(anonymous_1)
FNF:2
FNH:2
FNDA:9,(anonymous_0)
FNDA:7,(anonymous_1)
DA:2,1
DA:3,1
DA:4,9
DA:5,1
LF:4
LH:4
BRF:0
BRH:0
end_of_record
